# JRE version: Java(TM) SE Runtime Environment (9.0+11) (build 9.0.1+11)
# Java VM: Java HotSpot(TM) 64-Bit Server VM (9.0.1+11, mixed mode, tiered, compressed oops, g1 gc, windows-amd64)
Heap:
 garbage-first heap   total 151552K, used 54130K [0x000000009f200000, 0x000000009f3004a0, 0x0000000100000000)
  region size 1024K, 7 young (7168K), 7 survivors (7168K)
 Metaspace       used 18366K, capacity 19392K, committed 19712K, reserved 1067008K
  class space    used 2006K, capacity 2213K, committed 2304K, reserved 1048576K
GC Heap History (10 events):
Event: 6.325 GC heap after
{Heap after GC invocations=6 (full 0):
 garbage-first heap   total 100352K, used 43268K [0x000000009f200000, 0x000000009f300310, 0x0000000100000000)
  region size 1024K, 1 young (1024K), 1 survivors (1024K)
 Metaspace       used 18316K, capacity 19328K, committed 19712K, reserved 1067008K
  class space    used 2005K, capacity 2213K, committed 2304K, reserved 1048576K
}
Event: 6.637 GC heap before
{Heap before GC invocations=6 (full 0):
 garbage-first heap   total 100352K, used 44292K [0x000000009f200000, 0x000000009f300310, 0x0000000100000000)
  region size 1024K, 3 young (3072K), 1 survivors (1024K)
 Metaspace       used 18319K, capacity 19328K, committed 19712K, reserved 1067008K
  class space    used 2005K, capacity 2213K, committed 2304K, reserved 1048576K
}
Event: 6.655 GC heap after
{Heap after GC invocations=7 (full 0):
 garbage-first heap   total 125952K, used 42600K [0x000000009f200000, 0x000000009f3003d8, 0x0000000100000000)
  region size 1024K, 1 young (1024K), 1 survivors (1024K)
 Metaspace       used 18319K, capacity 19328K, committed 19712K, reserved 1067008K
  class space    used 2005K, capacity 2213K, committed 2304K, reserved 1048576K
}
Event: 8.092 GC heap before
{Heap before GC invocations=8 (full 0):
 garbage-first heap   total 125952K, used 63802K [0x000000009f200000, 0x000000009f3003d8, 0x0000000100000000)
  region size 1024K, 37 young (37888K), 1 survivors (1024K)
 Metaspace       used 18319K, capacity 19328K, committed 19712K, reserved 1067008K
  class space    used 2005K, capacity 2213K, committed 2304K, reserved 1048576K
}
Event: 8.105 GC heap after
{Heap after GC invocations=9 (full 0):
 garbage-first heap   total 125952K, used 32586K [0x000000009f200000, 0x000000009f3003d8, 0x0000000100000000)
  region size 1024K, 5 young (5120K), 5 survivors (5120K)
 Metaspace       used 18319K, capacity 19328K, committed 19712K, reserved 1067008K
  class space    used 2005K, capacity 2213K, committed 2304K, reserved 1048576K
}
Event: 8.108 GC heap before
{Heap before GC invocations=9 (full 0):
 garbage-first heap   total 125952K, used 33610K [0x000000009f200000, 0x000000009f3003d8, 0x0000000100000000)
  region size 1024K, 6 young (6144K), 5 survivors (5120K)
 Metaspace       used 18319K, capacity 19328K, committed 19712K, reserved 1067008K
  class space    used 2005K, capacity 2213K, committed 2304K, reserved 1048576K
}
Event: 8.119 GC heap after
{Heap after GC invocations=10 (full 0):
 garbage-first heap   total 125952K, used 22755K [0x000000009f200000, 0x000000009f3003d8, 0x0000000100000000)
  region size 1024K, 1 young (1024K), 1 survivors (1024K)
 Metaspace       used 18319K, capacity 19328K, committed 19712K, reserved 1067008K
  class space    used 2005K, capacity 2213K, committed 2304K, reserved 1048576K
}
Event: 8.232 GC heap before
{Heap before GC invocations=10 (full 0):
 garbage-first heap   total 125952K, used 69859K [0x000000009f200000, 0x000000009f3003d8, 0x0000000100000000)
  region size 1024K, 46 young (47104K), 1 survivors (1024K)
 Metaspace       used 18320K, capacity 19328K, committed 19712K, reserved 1067008K
  class space    used 2006K, capacity 2213K, committed 2304K, reserved 1048576K
}
Event: 8.249 GC heap after
{Heap after GC invocations=11 (full 0):
 garbage-first heap   total 125952K, used 33074K [0x000000009f200000, 0x000000009f3003d8, 0x0000000100000000)
  region size 1024K, 6 young (6144K), 6 survivors (6144K)
 Metaspace       used 18320K, capacity 19328K, committed 19712K, reserved 1067008K
  class space    used 2006K, capacity 2213K, committed 2304K, reserved 1048576K
}
Event: 8.480 GC heap before
{Heap before GC invocations=11 (full 0):
 garbage-first heap   total 125952K, used 78130K [0x000000009f200000, 0x000000009f3003d8, 0x0000000100000000)
  region size 1024K, 50 young (51200K), 6 survivors (6144K)
 Metaspace       used 18366K, capacity 19392K, committed 19712K, reserved 1067008K
  class space    used 2006K, capacity 2213K, committed 2304K, reserved 1048576K
}

