# JRE version: Java(TM) SE Runtime Environment (9.0+11) (build 9.0.1+11)
# Java VM: Java HotSpot(TM) 64-Bit Server VM (9.0.1+11, mixed mode, tiered, compressed oops, g1 gc, windows-amd64)
Heap:
 garbage-first heap   total 307200K, used 54480K [0x000000009f200000, 0x000000009f300960, 0x0000000100000000)
  region size 1024K, 2 young (2048K), 2 survivors (2048K)
 Metaspace       used 21383K, capacity 22474K, committed 22784K, reserved 1069056K
  class space    used 2306K, capacity 2526K, committed 2560K, reserved 1048576K
GC Heap History (10 events):
Event: 3.987 GC heap after
{Heap after GC invocations=10 (full 0):
 garbage-first heap   total 120832K, used 58945K [0x000000009f200000, 0x000000009f3003b0, 0x0000000100000000)
  region size 1024K, 4 young (4096K), 4 survivors (4096K)
 Metaspace       used 18453K, capacity 19488K, committed 19712K, reserved 1067008K
  class space    used 2023K, capacity 2245K, committed 2304K, reserved 1048576K
}
Event: 4.066 GC heap before
{Heap before GC invocations=10 (full 0):
 garbage-first heap   total 120832K, used 86593K [0x000000009f200000, 0x000000009f3003b0, 0x0000000100000000)
  region size 1024K, 31 young (31744K), 4 survivors (4096K)
 Metaspace       used 18455K, capacity 19488K, committed 19712K, reserved 1067008K
  class space    used 2023K, capacity 2245K, committed 2304K, reserved 1048576K
}
Event: 4.103 GC heap after
{Heap after GC invocations=11 (full 0):
 garbage-first heap   total 153600K, used 83968K [0x000000009f200000, 0x000000009f3004b0, 0x0000000100000000)
  region size 1024K, 4 young (4096K), 4 survivors (4096K)
 Metaspace       used 18455K, capacity 19488K, committed 19712K, reserved 1067008K
  class space    used 2023K, capacity 2245K, committed 2304K, reserved 1048576K
}
Event: 4.307 GC heap before
{Heap before GC invocations=12 (full 0):
 garbage-first heap   total 153600K, used 77824K [0x000000009f200000, 0x000000009f3004b0, 0x0000000100000000)
  region size 1024K, 26 young (26624K), 4 survivors (4096K)
 Metaspace       used 18488K, capacity 19488K, committed 19712K, reserved 1067008K
  class space    used 2024K, capacity 2245K, committed 2304K, reserved 1048576K
}
Event: 4.333 GC heap after
{Heap after GC invocations=13 (full 0):
 garbage-first heap   total 153600K, used 57916K [0x000000009f200000, 0x000000009f3004b0, 0x0000000100000000)
  region size 1024K, 1 young (1024K), 1 survivors (1024K)
 Metaspace       used 18488K, capacity 19488K, committed 19712K, reserved 1067008K
  class space    used 2024K, capacity 2245K, committed 2304K, reserved 1048576K
}
Event: 4.357 GC heap before
{Heap before GC invocations=13 (full 0):
 garbage-first heap   total 153600K, used 64060K [0x000000009f200000, 0x000000009f3004b0, 0x0000000100000000)
  region size 1024K, 7 young (7168K), 1 survivors (1024K)
 Metaspace       used 18491K, capacity 19488K, committed 19712K, reserved 1067008K
  class space    used 2024K, capacity 2245K, committed 2304K, reserved 1048576K
}
Event: 4.361 GC heap after
{Heap after GC invocations=14 (full 0):
 garbage-first heap   total 153600K, used 52852K [0x000000009f200000, 0x000000009f3004b0, 0x0000000100000000)
  region size 1024K, 1 young (1024K), 1 survivors (1024K)
 Metaspace       used 18491K, capacity 19488K, committed 19712K, reserved 1067008K
  class space    used 2024K, capacity 2245K, committed 2304K, reserved 1048576K
}
Event: 4.434 GC heap before
{Heap before GC invocations=14 (full 0):
 garbage-first heap   total 153600K, used 89716K [0x000000009f200000, 0x000000009f3004b0, 0x0000000100000000)
  region size 1024K, 37 young (37888K), 1 survivors (1024K)
 Metaspace       used 18498K, capacity 19488K, committed 19712K, reserved 1067008K
  class space    used 2024K, capacity 2245K, committed 2304K, reserved 1048576K
}
Event: 4.436 GC heap after
{Heap after GC invocations=15 (full 0):
 garbage-first heap   total 153600K, used 52702K [0x000000009f200000, 0x000000009f3004b0, 0x0000000100000000)
  region size 1024K, 1 young (1024K), 1 survivors (1024K)
 Metaspace       used 18498K, capacity 19488K, committed 19712K, reserved 1067008K
  class space    used 2024K, capacity 2245K, committed 2304K, reserved 1048576K
}
Event: 5.200 GC heap before
{Heap before GC invocations=15 (full 0):
 garbage-first heap   total 153600K, used 93662K [0x000000009f200000, 0x000000009f3004b0, 0x0000000100000000)
  region size 1024K, 41 young (41984K), 1 survivors (1024K)
 Metaspace       used 21383K, capacity 22474K, committed 22784K, reserved 1069056K
  class space    used 2306K, capacity 2526K, committed 2560K, reserved 1048576K
}

